{
    "meta": {
        "format": 3,
        "version": "7.10.6",
        "timestamp": "2025-09-26T04:58:47.581465",
        "branch_coverage": true,
        "show_contexts": true
    },
    "files": {
        "src\\api\\app.py": {
            "executed_lines": [
                1,
                2,
                3,
                6,
                7,
                9,
                12,
                16,
                17,
                18,
                20,
                30,
                31,
                35,
                36,
                38,
                40,
                41,
                83,
                84,
                86,
                91,
                92,
                99
            ],
            "summary": {
                "covered_lines": 23,
                "num_statements": 42,
                "percent_covered": 50.0,
                "percent_covered_display": "50.0",
                "missing_lines": 19,
                "excluded_lines": 3,
                "num_branches": 6,
                "num_partial_branches": 1,
                "covered_branches": 1,
                "missing_branches": 5
            },
            "missing_lines": [
                23,
                24,
                25,
                26,
                27,
                28,
                33,
                47,
                48,
                53,
                55,
                56,
                62,
                64,
                71,
                72,
                77,
                78,
                94
            ],
            "excluded_lines": [
                99,
                101,
                104
            ],
            "contexts": {
                "86": [
                    ""
                ],
                "38": [
                    ""
                ],
                "1": [
                    ""
                ],
                "2": [
                    ""
                ],
                "3": [
                    ""
                ],
                "6": [
                    ""
                ],
                "7": [
                    ""
                ],
                "9": [
                    ""
                ],
                "12": [
                    ""
                ],
                "16": [
                    ""
                ],
                "17": [
                    ""
                ],
                "18": [
                    ""
                ],
                "20": [
                    ""
                ],
                "30": [
                    ""
                ],
                "31": [
                    ""
                ],
                "35": [
                    ""
                ],
                "36": [
                    ""
                ],
                "83": [
                    ""
                ],
                "40": [
                    ""
                ],
                "41": [
                    ""
                ],
                "42": [
                    ""
                ],
                "44": [
                    ""
                ],
                "43": [
                    ""
                ],
                "84": [
                    ""
                ],
                "91": [
                    ""
                ],
                "87": [
                    ""
                ],
                "89": [
                    ""
                ],
                "88": [
                    ""
                ],
                "92": [
                    ""
                ],
                "99": [
                    ""
                ]
            },
            "executed_branches": [
                [
                    40,
                    41
                ]
            ],
            "missing_branches": [
                [
                    40,
                    47
                ],
                [
                    47,
                    48
                ],
                [
                    47,
                    53
                ],
                [
                    55,
                    56
                ],
                [
                    55,
                    62
                ]
            ],
            "functions": {
                "initialize_model": {
                    "executed_lines": [],
                    "summary": {
                        "covered_lines": 0,
                        "num_statements": 6,
                        "percent_covered": 0.0,
                        "percent_covered_display": "0.0",
                        "missing_lines": 6,
                        "excluded_lines": 0,
                        "num_branches": 0,
                        "num_partial_branches": 0,
                        "covered_branches": 0,
                        "missing_branches": 0
                    },
                    "missing_lines": [
                        23,
                        24,
                        25,
                        26,
                        27,
                        28
                    ],
                    "excluded_lines": [],
                    "contexts": {
                        "86": [
                            ""
                        ],
                        "38": [
                            ""
                        ],
                        "1": [
                            ""
                        ],
                        "2": [
                            ""
                        ],
                        "3": [
                            ""
                        ],
                        "6": [
                            ""
                        ],
                        "7": [
                            ""
                        ],
                        "9": [
                            ""
                        ],
                        "12": [
                            ""
                        ],
                        "16": [
                            ""
                        ],
                        "17": [
                            ""
                        ],
                        "18": [
                            ""
                        ],
                        "20": [
                            ""
                        ],
                        "30": [
                            ""
                        ],
                        "31": [
                            ""
                        ],
                        "35": [
                            ""
                        ],
                        "36": [
                            ""
                        ],
                        "83": [
                            ""
                        ],
                        "40": [
                            ""
                        ],
                        "41": [
                            ""
                        ],
                        "42": [
                            ""
                        ],
                        "44": [
                            ""
                        ],
                        "43": [
                            ""
                        ],
                        "84": [
                            ""
                        ],
                        "91": [
                            ""
                        ],
                        "87": [
                            ""
                        ],
                        "89": [
                            ""
                        ],
                        "88": [
                            ""
                        ],
                        "92": [
                            ""
                        ],
                        "99": [
                            ""
                        ]
                    },
                    "executed_branches": [],
                    "missing_branches": []
                },
                "ping": {
                    "executed_lines": [],
                    "summary": {
                        "covered_lines": 0,
                        "num_statements": 1,
                        "percent_covered": 0.0,
                        "percent_covered_display": "0.0",
                        "missing_lines": 1,
                        "excluded_lines": 0,
                        "num_branches": 0,
                        "num_partial_branches": 0,
                        "covered_branches": 0,
                        "missing_branches": 0
                    },
                    "missing_lines": [
                        33
                    ],
                    "excluded_lines": [],
                    "contexts": {
                        "86": [
                            ""
                        ],
                        "38": [
                            ""
                        ],
                        "1": [
                            ""
                        ],
                        "2": [
                            ""
                        ],
                        "3": [
                            ""
                        ],
                        "6": [
                            ""
                        ],
                        "7": [
                            ""
                        ],
                        "9": [
                            ""
                        ],
                        "12": [
                            ""
                        ],
                        "16": [
                            ""
                        ],
                        "17": [
                            ""
                        ],
                        "18": [
                            ""
                        ],
                        "20": [
                            ""
                        ],
                        "30": [
                            ""
                        ],
                        "31": [
                            ""
                        ],
                        "35": [
                            ""
                        ],
                        "36": [
                            ""
                        ],
                        "83": [
                            ""
                        ],
                        "40": [
                            ""
                        ],
                        "41": [
                            ""
                        ],
                        "42": [
                            ""
                        ],
                        "44": [
                            ""
                        ],
                        "43": [
                            ""
                        ],
                        "84": [
                            ""
                        ],
                        "91": [
                            ""
                        ],
                        "87": [
                            ""
                        ],
                        "89": [
                            ""
                        ],
                        "88": [
                            ""
                        ],
                        "92": [
                            ""
                        ],
                        "99": [
                            ""
                        ]
                    },
                    "executed_branches": [],
                    "missing_branches": []
                },
                "predict": {
                    "executed_lines": [
                        38,
                        40,
                        41
                    ],
                    "summary": {
                        "covered_lines": 3,
                        "num_statements": 14,
                        "percent_covered": 20.0,
                        "percent_covered_display": "20.0",
                        "missing_lines": 11,
                        "excluded_lines": 0,
                        "num_branches": 6,
                        "num_partial_branches": 1,
                        "covered_branches": 1,
                        "missing_branches": 5
                    },
                    "missing_lines": [
                        47,
                        48,
                        53,
                        55,
                        56,
                        62,
                        64,
                        71,
                        72,
                        77,
                        78
                    ],
                    "excluded_lines": [],
                    "contexts": {
                        "86": [
                            ""
                        ],
                        "38": [
                            ""
                        ],
                        "1": [
                            ""
                        ],
                        "2": [
                            ""
                        ],
                        "3": [
                            ""
                        ],
                        "6": [
                            ""
                        ],
                        "7": [
                            ""
                        ],
                        "9": [
                            ""
                        ],
                        "12": [
                            ""
                        ],
                        "16": [
                            ""
                        ],
                        "17": [
                            ""
                        ],
                        "18": [
                            ""
                        ],
                        "20": [
                            ""
                        ],
                        "30": [
                            ""
                        ],
                        "31": [
                            ""
                        ],
                        "35": [
                            ""
                        ],
                        "36": [
                            ""
                        ],
                        "83": [
                            ""
                        ],
                        "40": [
                            ""
                        ],
                        "41": [
                            ""
                        ],
                        "42": [
                            ""
                        ],
                        "44": [
                            ""
                        ],
                        "43": [
                            ""
                        ],
                        "84": [
                            ""
                        ],
                        "91": [
                            ""
                        ],
                        "87": [
                            ""
                        ],
                        "89": [
                            ""
                        ],
                        "88": [
                            ""
                        ],
                        "92": [
                            ""
                        ],
                        "99": [
                            ""
                        ]
                    },
                    "executed_branches": [
                        [
                            40,
                            41
                        ]
                    ],
                    "missing_branches": [
                        [
                            40,
                            47
                        ],
                        [
                            47,
                            48
                        ],
                        [
                            47,
                            53
                        ],
                        [
                            55,
                            56
                        ],
                        [
                            55,
                            62
                        ]
                    ]
                },
                "not_found": {
                    "executed_lines": [
                        86
                    ],
                    "summary": {
                        "covered_lines": 1,
                        "num_statements": 1,
                        "percent_covered": 100.0,
                        "percent_covered_display": "100.0",
                        "missing_lines": 0,
                        "excluded_lines": 0,
                        "num_branches": 0,
                        "num_partial_branches": 0,
                        "covered_branches": 0,
                        "missing_branches": 0
                    },
                    "missing_lines": [],
                    "excluded_lines": [],
                    "contexts": {
                        "86": [
                            ""
                        ],
                        "38": [
                            ""
                        ],
                        "1": [
                            ""
                        ],
                        "2": [
                            ""
                        ],
                        "3": [
                            ""
                        ],
                        "6": [
                            ""
                        ],
                        "7": [
                            ""
                        ],
                        "9": [
                            ""
                        ],
                        "12": [
                            ""
                        ],
                        "16": [
                            ""
                        ],
                        "17": [
                            ""
                        ],
                        "18": [
                            ""
                        ],
                        "20": [
                            ""
                        ],
                        "30": [
                            ""
                        ],
                        "31": [
                            ""
                        ],
                        "35": [
                            ""
                        ],
                        "36": [
                            ""
                        ],
                        "83": [
                            ""
                        ],
                        "40": [
                            ""
                        ],
                        "41": [
                            ""
                        ],
                        "42": [
                            ""
                        ],
                        "44": [
                            ""
                        ],
                        "43": [
                            ""
                        ],
                        "84": [
                            ""
                        ],
                        "91": [
                            ""
                        ],
                        "87": [
                            ""
                        ],
                        "89": [
                            ""
                        ],
                        "88": [
                            ""
                        ],
                        "92": [
                            ""
                        ],
                        "99": [
                            ""
                        ]
                    },
                    "executed_branches": [],
                    "missing_branches": []
                },
                "internal_error": {
                    "executed_lines": [],
                    "summary": {
                        "covered_lines": 0,
                        "num_statements": 1,
                        "percent_covered": 0.0,
                        "percent_covered_display": "0.0",
                        "missing_lines": 1,
                        "excluded_lines": 0,
                        "num_branches": 0,
                        "num_partial_branches": 0,
                        "covered_branches": 0,
                        "missing_branches": 0
                    },
                    "missing_lines": [
                        94
                    ],
                    "excluded_lines": [],
                    "contexts": {
                        "86": [
                            ""
                        ],
                        "38": [
                            ""
                        ],
                        "1": [
                            ""
                        ],
                        "2": [
                            ""
                        ],
                        "3": [
                            ""
                        ],
                        "6": [
                            ""
                        ],
                        "7": [
                            ""
                        ],
                        "9": [
                            ""
                        ],
                        "12": [
                            ""
                        ],
                        "16": [
                            ""
                        ],
                        "17": [
                            ""
                        ],
                        "18": [
                            ""
                        ],
                        "20": [
                            ""
                        ],
                        "30": [
                            ""
                        ],
                        "31": [
                            ""
                        ],
                        "35": [
                            ""
                        ],
                        "36": [
                            ""
                        ],
                        "83": [
                            ""
                        ],
                        "40": [
                            ""
                        ],
                        "41": [
                            ""
                        ],
                        "42": [
                            ""
                        ],
                        "44": [
                            ""
                        ],
                        "43": [
                            ""
                        ],
                        "84": [
                            ""
                        ],
                        "91": [
                            ""
                        ],
                        "87": [
                            ""
                        ],
                        "89": [
                            ""
                        ],
                        "88": [
                            ""
                        ],
                        "92": [
                            ""
                        ],
                        "99": [
                            ""
                        ]
                    },
                    "executed_branches": [],
                    "missing_branches": []
                },
                "": {
                    "executed_lines": [
                        1,
                        2,
                        3,
                        6,
                        7,
                        9,
                        12,
                        16,
                        17,
                        18,
                        20,
                        30,
                        31,
                        35,
                        36,
                        83,
                        84,
                        91,
                        92,
                        99
                    ],
                    "summary": {
                        "covered_lines": 19,
                        "num_statements": 19,
                        "percent_covered": 100.0,
                        "percent_covered_display": "100.0",
                        "missing_lines": 0,
                        "excluded_lines": 3,
                        "num_branches": 0,
                        "num_partial_branches": 0,
                        "covered_branches": 0,
                        "missing_branches": 0
                    },
                    "missing_lines": [],
                    "excluded_lines": [
                        99,
                        101,
                        104
                    ],
                    "contexts": {
                        "86": [
                            ""
                        ],
                        "38": [
                            ""
                        ],
                        "1": [
                            ""
                        ],
                        "2": [
                            ""
                        ],
                        "3": [
                            ""
                        ],
                        "6": [
                            ""
                        ],
                        "7": [
                            ""
                        ],
                        "9": [
                            ""
                        ],
                        "12": [
                            ""
                        ],
                        "16": [
                            ""
                        ],
                        "17": [
                            ""
                        ],
                        "18": [
                            ""
                        ],
                        "20": [
                            ""
                        ],
                        "30": [
                            ""
                        ],
                        "31": [
                            ""
                        ],
                        "35": [
                            ""
                        ],
                        "36": [
                            ""
                        ],
                        "83": [
                            ""
                        ],
                        "40": [
                            ""
                        ],
                        "41": [
                            ""
                        ],
                        "42": [
                            ""
                        ],
                        "44": [
                            ""
                        ],
                        "43": [
                            ""
                        ],
                        "84": [
                            ""
                        ],
                        "91": [
                            ""
                        ],
                        "87": [
                            ""
                        ],
                        "89": [
                            ""
                        ],
                        "88": [
                            ""
                        ],
                        "92": [
                            ""
                        ],
                        "99": [
                            ""
                        ]
                    },
                    "executed_branches": [],
                    "missing_branches": []
                }
            },
            "classes": {
                "": {
                    "executed_lines": [
                        1,
                        2,
                        3,
                        6,
                        7,
                        9,
                        12,
                        16,
                        17,
                        18,
                        20,
                        30,
                        31,
                        35,
                        36,
                        38,
                        40,
                        41,
                        83,
                        84,
                        86,
                        91,
                        92,
                        99
                    ],
                    "summary": {
                        "covered_lines": 23,
                        "num_statements": 42,
                        "percent_covered": 50.0,
                        "percent_covered_display": "50.0",
                        "missing_lines": 19,
                        "excluded_lines": 3,
                        "num_branches": 6,
                        "num_partial_branches": 1,
                        "covered_branches": 1,
                        "missing_branches": 5
                    },
                    "missing_lines": [
                        23,
                        24,
                        25,
                        26,
                        27,
                        28,
                        33,
                        47,
                        48,
                        53,
                        55,
                        56,
                        62,
                        64,
                        71,
                        72,
                        77,
                        78,
                        94
                    ],
                    "excluded_lines": [
                        99,
                        101,
                        104
                    ],
                    "contexts": {
                        "86": [
                            ""
                        ],
                        "38": [
                            ""
                        ],
                        "1": [
                            ""
                        ],
                        "2": [
                            ""
                        ],
                        "3": [
                            ""
                        ],
                        "6": [
                            ""
                        ],
                        "7": [
                            ""
                        ],
                        "9": [
                            ""
                        ],
                        "12": [
                            ""
                        ],
                        "16": [
                            ""
                        ],
                        "17": [
                            ""
                        ],
                        "18": [
                            ""
                        ],
                        "20": [
                            ""
                        ],
                        "30": [
                            ""
                        ],
                        "31": [
                            ""
                        ],
                        "35": [
                            ""
                        ],
                        "36": [
                            ""
                        ],
                        "83": [
                            ""
                        ],
                        "40": [
                            ""
                        ],
                        "41": [
                            ""
                        ],
                        "42": [
                            ""
                        ],
                        "44": [
                            ""
                        ],
                        "43": [
                            ""
                        ],
                        "84": [
                            ""
                        ],
                        "91": [
                            ""
                        ],
                        "87": [
                            ""
                        ],
                        "89": [
                            ""
                        ],
                        "88": [
                            ""
                        ],
                        "92": [
                            ""
                        ],
                        "99": [
                            ""
                        ]
                    },
                    "executed_branches": [
                        [
                            40,
                            41
                        ]
                    ],
                    "missing_branches": [
                        [
                            40,
                            47
                        ],
                        [
                            47,
                            48
                        ],
                        [
                            47,
                            53
                        ],
                        [
                            55,
                            56
                        ],
                        [
                            55,
                            62
                        ]
                    ]
                }
            }
        },
        "src\\data\\eda.py": {
            "executed_lines": [],
            "summary": {
                "covered_lines": 0,
                "num_statements": 62,
                "percent_covered": 0.0,
                "percent_covered_display": "0.0",
                "missing_lines": 62,
                "excluded_lines": 2,
                "num_branches": 14,
                "num_partial_branches": 0,
                "covered_branches": 0,
                "missing_branches": 14
            },
            "missing_lines": [
                1,
                2,
                3,
                4,
                6,
                7,
                9,
                16,
                18,
                19,
                20,
                21,
                23,
                26,
                27,
                30,
                31,
                32,
                35,
                38,
                39,
                40,
                42,
                44,
                47,
                48,
                49,
                51,
                52,
                53,
                54,
                57,
                58,
                61,
                64,
                66,
                67,
                69,
                71,
                72,
                74,
                76,
                77,
                78,
                80,
                81,
                82,
                83,
                86,
                111,
                114,
                115,
                117,
                118,
                120,
                121,
                122,
                123,
                124,
                125,
                126,
                127
            ],
            "excluded_lines": [
                129,
                130
            ],
            "contexts": {},
            "executed_branches": [],
            "missing_branches": [
                [
                    18,
                    19
                ],
                [
                    18,
                    23
                ],
                [
                    39,
                    40
                ],
                [
                    39,
                    42
                ],
                [
                    51,
                    52
                ],
                [
                    51,
                    57
                ],
                [
                    69,
                    71
                ],
                [
                    69,
                    76
                ],
                [
                    71,
                    72
                ],
                [
                    71,
                    74
                ],
                [
                    77,
                    78
                ],
                [
                    77,
                    80
                ],
                [
                    81,
                    82
                ],
                [
                    81,
                    86
                ]
            ],
            "functions": {
                "main": {
                    "executed_lines": [],
                    "summary": {
                        "covered_lines": 0,
                        "num_statements": 55,
                        "percent_covered": 0.0,
                        "percent_covered_display": "0.0",
                        "missing_lines": 55,
                        "excluded_lines": 0,
                        "num_branches": 14,
                        "num_partial_branches": 0,
                        "covered_branches": 0,
                        "missing_branches": 14
                    },
                    "missing_lines": [
                        16,
                        18,
                        19,
                        20,
                        21,
                        23,
                        26,
                        27,
                        30,
                        31,
                        32,
                        35,
                        38,
                        39,
                        40,
                        42,
                        44,
                        47,
                        48,
                        49,
                        51,
                        52,
                        53,
                        54,
                        57,
                        58,
                        61,
                        64,
                        66,
                        67,
                        69,
                        71,
                        72,
                        74,
                        76,
                        77,
                        78,
                        80,
                        81,
                        82,
                        83,
                        86,
                        111,
                        114,
                        115,
                        117,
                        118,
                        120,
                        121,
                        122,
                        123,
                        124,
                        125,
                        126,
                        127
                    ],
                    "excluded_lines": [],
                    "contexts": {},
                    "executed_branches": [],
                    "missing_branches": [
                        [
                            18,
                            19
                        ],
                        [
                            18,
                            23
                        ],
                        [
                            39,
                            40
                        ],
                        [
                            39,
                            42
                        ],
                        [
                            51,
                            52
                        ],
                        [
                            51,
                            57
                        ],
                        [
                            69,
                            71
                        ],
                        [
                            69,
                            76
                        ],
                        [
                            71,
                            72
                        ],
                        [
                            71,
                            74
                        ],
                        [
                            77,
                            78
                        ],
                        [
                            77,
                            80
                        ],
                        [
                            81,
                            82
                        ],
                        [
                            81,
                            86
                        ]
                    ]
                },
                "": {
                    "executed_lines": [],
                    "summary": {
                        "covered_lines": 0,
                        "num_statements": 7,
                        "percent_covered": 0.0,
                        "percent_covered_display": "0.0",
                        "missing_lines": 7,
                        "excluded_lines": 2,
                        "num_branches": 0,
                        "num_partial_branches": 0,
                        "covered_branches": 0,
                        "missing_branches": 0
                    },
                    "missing_lines": [
                        1,
                        2,
                        3,
                        4,
                        6,
                        7,
                        9
                    ],
                    "excluded_lines": [
                        129,
                        130
                    ],
                    "contexts": {},
                    "executed_branches": [],
                    "missing_branches": []
                }
            },
            "classes": {
                "": {
                    "executed_lines": [],
                    "summary": {
                        "covered_lines": 0,
                        "num_statements": 62,
                        "percent_covered": 0.0,
                        "percent_covered_display": "0.0",
                        "missing_lines": 62,
                        "excluded_lines": 2,
                        "num_branches": 14,
                        "num_partial_branches": 0,
                        "covered_branches": 0,
                        "missing_branches": 14
                    },
                    "missing_lines": [
                        1,
                        2,
                        3,
                        4,
                        6,
                        7,
                        9,
                        16,
                        18,
                        19,
                        20,
                        21,
                        23,
                        26,
                        27,
                        30,
                        31,
                        32,
                        35,
                        38,
                        39,
                        40,
                        42,
                        44,
                        47,
                        48,
                        49,
                        51,
                        52,
                        53,
                        54,
                        57,
                        58,
                        61,
                        64,
                        66,
                        67,
                        69,
                        71,
                        72,
                        74,
                        76,
                        77,
                        78,
                        80,
                        81,
                        82,
                        83,
                        86,
                        111,
                        114,
                        115,
                        117,
                        118,
                        120,
                        121,
                        122,
                        123,
                        124,
                        125,
                        126,
                        127
                    ],
                    "excluded_lines": [
                        129,
                        130
                    ],
                    "contexts": {},
                    "executed_branches": [],
                    "missing_branches": [
                        [
                            18,
                            19
                        ],
                        [
                            18,
                            23
                        ],
                        [
                            39,
                            40
                        ],
                        [
                            39,
                            42
                        ],
                        [
                            51,
                            52
                        ],
                        [
                            51,
                            57
                        ],
                        [
                            69,
                            71
                        ],
                        [
                            69,
                            76
                        ],
                        [
                            71,
                            72
                        ],
                        [
                            71,
                            74
                        ],
                        [
                            77,
                            78
                        ],
                        [
                            77,
                            80
                        ],
                        [
                            81,
                            82
                        ],
                        [
                            81,
                            86
                        ]
                    ]
                }
            }
        },
        "src\\data\\load_data.py": {
            "executed_lines": [],
            "summary": {
                "covered_lines": 0,
                "num_statements": 40,
                "percent_covered": 0.0,
                "percent_covered_display": "0.0",
                "missing_lines": 40,
                "excluded_lines": 2,
                "num_branches": 10,
                "num_partial_branches": 0,
                "covered_branches": 0,
                "missing_branches": 10
            },
            "missing_lines": [
                1,
                2,
                3,
                5,
                6,
                8,
                15,
                17,
                18,
                19,
                20,
                22,
                25,
                28,
                29,
                31,
                32,
                33,
                35,
                36,
                37,
                38,
                40,
                41,
                42,
                43,
                46,
                49,
                50,
                51,
                52,
                54,
                55,
                56,
                57,
                58,
                59,
                60,
                61,
                62
            ],
            "excluded_lines": [
                64,
                65
            ],
            "contexts": {},
            "executed_branches": [],
            "missing_branches": [
                [
                    17,
                    18
                ],
                [
                    17,
                    22
                ],
                [
                    32,
                    33
                ],
                [
                    32,
                    35
                ],
                [
                    37,
                    38
                ],
                [
                    37,
                    40
                ],
                [
                    40,
                    41
                ],
                [
                    40,
                    46
                ],
                [
                    41,
                    40
                ],
                [
                    41,
                    42
                ]
            ],
            "functions": {
                "main": {
                    "executed_lines": [],
                    "summary": {
                        "covered_lines": 0,
                        "num_statements": 34,
                        "percent_covered": 0.0,
                        "percent_covered_display": "0.0",
                        "missing_lines": 34,
                        "excluded_lines": 0,
                        "num_branches": 10,
                        "num_partial_branches": 0,
                        "covered_branches": 0,
                        "missing_branches": 10
                    },
                    "missing_lines": [
                        15,
                        17,
                        18,
                        19,
                        20,
                        22,
                        25,
                        28,
                        29,
                        31,
                        32,
                        33,
                        35,
                        36,
                        37,
                        38,
                        40,
                        41,
                        42,
                        43,
                        46,
                        49,
                        50,
                        51,
                        52,
                        54,
                        55,
                        56,
                        57,
                        58,
                        59,
                        60,
                        61,
                        62
                    ],
                    "excluded_lines": [],
                    "contexts": {},
                    "executed_branches": [],
                    "missing_branches": [
                        [
                            17,
                            18
                        ],
                        [
                            17,
                            22
                        ],
                        [
                            32,
                            33
                        ],
                        [
                            32,
                            35
                        ],
                        [
                            37,
                            38
                        ],
                        [
                            37,
                            40
                        ],
                        [
                            40,
                            41
                        ],
                        [
                            40,
                            46
                        ],
                        [
                            41,
                            40
                        ],
                        [
                            41,
                            42
                        ]
                    ]
                },
                "": {
                    "executed_lines": [],
                    "summary": {
                        "covered_lines": 0,
                        "num_statements": 6,
                        "percent_covered": 0.0,
                        "percent_covered_display": "0.0",
                        "missing_lines": 6,
                        "excluded_lines": 2,
                        "num_branches": 0,
                        "num_partial_branches": 0,
                        "covered_branches": 0,
                        "missing_branches": 0
                    },
                    "missing_lines": [
                        1,
                        2,
                        3,
                        5,
                        6,
                        8
                    ],
                    "excluded_lines": [
                        64,
                        65
                    ],
                    "contexts": {},
                    "executed_branches": [],
                    "missing_branches": []
                }
            },
            "classes": {
                "": {
                    "executed_lines": [],
                    "summary": {
                        "covered_lines": 0,
                        "num_statements": 40,
                        "percent_covered": 0.0,
                        "percent_covered_display": "0.0",
                        "missing_lines": 40,
                        "excluded_lines": 2,
                        "num_branches": 10,
                        "num_partial_branches": 0,
                        "covered_branches": 0,
                        "missing_branches": 10
                    },
                    "missing_lines": [
                        1,
                        2,
                        3,
                        5,
                        6,
                        8,
                        15,
                        17,
                        18,
                        19,
                        20,
                        22,
                        25,
                        28,
                        29,
                        31,
                        32,
                        33,
                        35,
                        36,
                        37,
                        38,
                        40,
                        41,
                        42,
                        43,
                        46,
                        49,
                        50,
                        51,
                        52,
                        54,
                        55,
                        56,
                        57,
                        58,
                        59,
                        60,
                        61,
                        62
                    ],
                    "excluded_lines": [
                        64,
                        65
                    ],
                    "contexts": {},
                    "executed_branches": [],
                    "missing_branches": [
                        [
                            17,
                            18
                        ],
                        [
                            17,
                            22
                        ],
                        [
                            32,
                            33
                        ],
                        [
                            32,
                            35
                        ],
                        [
                            37,
                            38
                        ],
                        [
                            37,
                            40
                        ],
                        [
                            40,
                            41
                        ],
                        [
                            40,
                            46
                        ],
                        [
                            41,
                            40
                        ],
                        [
                            41,
                            42
                        ]
                    ]
                }
            }
        },
        "src\\data\\preprocess.py": {
            "executed_lines": [
                1,
                2,
                3,
                4,
                5,
                6,
                7,
                8,
                9,
                11,
                23,
                29,
                35,
                40,
                42,
                54,
                56,
                57,
                58,
                59,
                61,
                63,
                66,
                67,
                70,
                71,
                74,
                75,
                78,
                79,
                81,
                82,
                84,
                85,
                86,
                89,
                90,
                93,
                94,
                96,
                99,
                102,
                105,
                108,
                111,
                112,
                113,
                114,
                116,
                120,
                122,
                123,
                124,
                127,
                130,
                131,
                134,
                135,
                136,
                142,
                144,
                146,
                147,
                148,
                153,
                163,
                164,
                165,
                168,
                169,
                170,
                176,
                202,
                207,
                208,
                210,
                213,
                215,
                216,
                217,
                218,
                219,
                222,
                223,
                224,
                225,
                229,
                246,
                248,
                252,
                253,
                256,
                257,
                258,
                259,
                260,
                267,
                270,
                277
            ],
            "summary": {
                "covered_lines": 98,
                "num_statements": 122,
                "percent_covered": 76.35135135135135,
                "percent_covered_display": "76.4",
                "missing_lines": 24,
                "excluded_lines": 2,
                "num_branches": 26,
                "num_partial_branches": 9,
                "covered_branches": 15,
                "missing_branches": 11
            },
            "missing_lines": [
                119,
                149,
                150,
                151,
                166,
                172,
                173,
                174,
                188,
                189,
                190,
                192,
                194,
                195,
                196,
                198,
                199,
                200,
                227,
                263,
                264,
                272,
                273,
                274
            ],
            "excluded_lines": [
                277,
                278
            ],
            "contexts": {
                "246": [
                    ""
                ],
                "207": [
                    ""
                ],
                "163": [
                    ""
                ],
                "54": [
                    ""
                ],
                "23": [
                    ""
                ],
                "1": [
                    ""
                ],
                "2": [
                    ""
                ],
                "3": [
                    ""
                ],
                "4": [
                    ""
                ],
                "5": [
                    ""
                ],
                "6": [
                    ""
                ],
                "7": [
                    ""
                ],
                "8": [
                    ""
                ],
                "9": [
                    ""
                ],
                "11": [
                    ""
                ],
                "42": [
                    ""
                ],
                "24": [
                    ""
                ],
                "29": [
                    ""
                ],
                "25": [
                    ""
                ],
                "30": [
                    ""
                ],
                "35": [
                    ""
                ],
                "31": [
                    ""
                ],
                "36": [
                    ""
                ],
                "40": [
                    ""
                ],
                "37": [
                    ""
                ],
                "153": [
                    ""
                ],
                "56": [
                    ""
                ],
                "57": [
                    ""
                ],
                "58": [
                    ""
                ],
                "59": [
                    ""
                ],
                "61": [
                    ""
                ],
                "63": [
                    ""
                ],
                "66": [
                    ""
                ],
                "67": [
                    ""
                ],
                "70": [
                    ""
                ],
                "146": [
                    ""
                ],
                "71": [
                    ""
                ],
                "74": [
                    ""
                ],
                "75": [
                    ""
                ],
                "78": [
                    ""
                ],
                "79": [
                    ""
                ],
                "81": [
                    ""
                ],
                "82": [
                    ""
                ],
                "84": [
                    ""
                ],
                "85": [
                    ""
                ],
                "86": [
                    ""
                ],
                "89": [
                    ""
                ],
                "90": [
                    ""
                ],
                "93": [
                    ""
                ],
                "94": [
                    ""
                ],
                "96": [
                    ""
                ],
                "99": [
                    ""
                ],
                "102": [
                    ""
                ],
                "105": [
                    ""
                ],
                "108": [
                    ""
                ],
                "111": [
                    ""
                ],
                "112": [
                    ""
                ],
                "113": [
                    ""
                ],
                "114": [
                    ""
                ],
                "116": [
                    ""
                ],
                "120": [
                    ""
                ],
                "122": [
                    ""
                ],
                "123": [
                    ""
                ],
                "124": [
                    ""
                ],
                "127": [
                    ""
                ],
                "130": [
                    ""
                ],
                "131": [
                    ""
                ],
                "134": [
                    ""
                ],
                "135": [
                    ""
                ],
                "136": [
                    ""
                ],
                "142": [
                    ""
                ],
                "137": [
                    ""
                ],
                "141": [
                    ""
                ],
                "138": [
                    ""
                ],
                "139": [
                    ""
                ],
                "140": [
                    ""
                ],
                "144": [
                    ""
                ],
                "147": [
                    ""
                ],
                "148": [
                    ""
                ],
                "176": [
                    ""
                ],
                "164": [
                    ""
                ],
                "165": [
                    ""
                ],
                "168": [
                    ""
                ],
                "169": [
                    ""
                ],
                "170": [
                    ""
                ],
                "202": [
                    ""
                ],
                "229": [
                    ""
                ],
                "208": [
                    ""
                ],
                "210": [
                    ""
                ],
                "213": [
                    ""
                ],
                "215": [
                    ""
                ],
                "216": [
                    ""
                ],
                "217": [
                    ""
                ],
                "218": [
                    ""
                ],
                "219": [
                    ""
                ],
                "222": [
                    ""
                ],
                "223": [
                    ""
                ],
                "224": [
                    ""
                ],
                "225": [
                    ""
                ],
                "277": [
                    ""
                ],
                "248": [
                    ""
                ],
                "252": [
                    ""
                ],
                "253": [
                    ""
                ],
                "256": [
                    ""
                ],
                "257": [
                    ""
                ],
                "258": [
                    ""
                ],
                "259": [
                    ""
                ],
                "260": [
                    ""
                ],
                "267": [
                    ""
                ],
                "270": [
                    ""
                ]
            },
            "executed_branches": [
                [
                    58,
                    59
                ],
                [
                    58,
                    61
                ],
                [
                    66,
                    67
                ],
                [
                    66,
                    70
                ],
                [
                    70,
                    71
                ],
                [
                    70,
                    74
                ],
                [
                    89,
                    90
                ],
                [
                    112,
                    113
                ],
                [
                    114,
                    116
                ],
                [
                    165,
                    168
                ],
                [
                    215,
                    216
                ],
                [
                    224,
                    225
                ],
                [
                    252,
                    253
                ],
                [
                    256,
                    257
                ],
                [
                    257,
                    258
                ]
            ],
            "missing_branches": [
                [
                    89,
                    93
                ],
                [
                    112,
                    122
                ],
                [
                    114,
                    119
                ],
                [
                    165,
                    166
                ],
                [
                    189,
                    190
                ],
                [
                    189,
                    192
                ],
                [
                    215,
                    227
                ],
                [
                    224,
                    -202
                ],
                [
                    252,
                    256
                ],
                [
                    256,
                    263
                ],
                [
                    257,
                    259
                ]
            ],
            "functions": {
                "build_preprocessor": {
                    "executed_lines": [
                        23,
                        29,
                        35,
                        40
                    ],
                    "summary": {
                        "covered_lines": 4,
                        "num_statements": 4,
                        "percent_covered": 100.0,
                        "percent_covered_display": "100.0",
                        "missing_lines": 0,
                        "excluded_lines": 0,
                        "num_branches": 0,
                        "num_partial_branches": 0,
                        "covered_branches": 0,
                        "missing_branches": 0
                    },
                    "missing_lines": [],
                    "excluded_lines": [],
                    "contexts": {
                        "246": [
                            ""
                        ],
                        "207": [
                            ""
                        ],
                        "163": [
                            ""
                        ],
                        "54": [
                            ""
                        ],
                        "23": [
                            ""
                        ],
                        "1": [
                            ""
                        ],
                        "2": [
                            ""
                        ],
                        "3": [
                            ""
                        ],
                        "4": [
                            ""
                        ],
                        "5": [
                            ""
                        ],
                        "6": [
                            ""
                        ],
                        "7": [
                            ""
                        ],
                        "8": [
                            ""
                        ],
                        "9": [
                            ""
                        ],
                        "11": [
                            ""
                        ],
                        "42": [
                            ""
                        ],
                        "24": [
                            ""
                        ],
                        "29": [
                            ""
                        ],
                        "25": [
                            ""
                        ],
                        "30": [
                            ""
                        ],
                        "35": [
                            ""
                        ],
                        "31": [
                            ""
                        ],
                        "36": [
                            ""
                        ],
                        "40": [
                            ""
                        ],
                        "37": [
                            ""
                        ],
                        "153": [
                            ""
                        ],
                        "56": [
                            ""
                        ],
                        "57": [
                            ""
                        ],
                        "58": [
                            ""
                        ],
                        "59": [
                            ""
                        ],
                        "61": [
                            ""
                        ],
                        "63": [
                            ""
                        ],
                        "66": [
                            ""
                        ],
                        "67": [
                            ""
                        ],
                        "70": [
                            ""
                        ],
                        "146": [
                            ""
                        ],
                        "71": [
                            ""
                        ],
                        "74": [
                            ""
                        ],
                        "75": [
                            ""
                        ],
                        "78": [
                            ""
                        ],
                        "79": [
                            ""
                        ],
                        "81": [
                            ""
                        ],
                        "82": [
                            ""
                        ],
                        "84": [
                            ""
                        ],
                        "85": [
                            ""
                        ],
                        "86": [
                            ""
                        ],
                        "89": [
                            ""
                        ],
                        "90": [
                            ""
                        ],
                        "93": [
                            ""
                        ],
                        "94": [
                            ""
                        ],
                        "96": [
                            ""
                        ],
                        "99": [
                            ""
                        ],
                        "102": [
                            ""
                        ],
                        "105": [
                            ""
                        ],
                        "108": [
                            ""
                        ],
                        "111": [
                            ""
                        ],
                        "112": [
                            ""
                        ],
                        "113": [
                            ""
                        ],
                        "114": [
                            ""
                        ],
                        "116": [
                            ""
                        ],
                        "120": [
                            ""
                        ],
                        "122": [
                            ""
                        ],
                        "123": [
                            ""
                        ],
                        "124": [
                            ""
                        ],
                        "127": [
                            ""
                        ],
                        "130": [
                            ""
                        ],
                        "131": [
                            ""
                        ],
                        "134": [
                            ""
                        ],
                        "135": [
                            ""
                        ],
                        "136": [
                            ""
                        ],
                        "142": [
                            ""
                        ],
                        "137": [
                            ""
                        ],
                        "141": [
                            ""
                        ],
                        "138": [
                            ""
                        ],
                        "139": [
                            ""
                        ],
                        "140": [
                            ""
                        ],
                        "144": [
                            ""
                        ],
                        "147": [
                            ""
                        ],
                        "148": [
                            ""
                        ],
                        "176": [
                            ""
                        ],
                        "164": [
                            ""
                        ],
                        "165": [
                            ""
                        ],
                        "168": [
                            ""
                        ],
                        "169": [
                            ""
                        ],
                        "170": [
                            ""
                        ],
                        "202": [
                            ""
                        ],
                        "229": [
                            ""
                        ],
                        "208": [
                            ""
                        ],
                        "210": [
                            ""
                        ],
                        "213": [
                            ""
                        ],
                        "215": [
                            ""
                        ],
                        "216": [
                            ""
                        ],
                        "217": [
                            ""
                        ],
                        "218": [
                            ""
                        ],
                        "219": [
                            ""
                        ],
                        "222": [
                            ""
                        ],
                        "223": [
                            ""
                        ],
                        "224": [
                            ""
                        ],
                        "225": [
                            ""
                        ],
                        "277": [
                            ""
                        ],
                        "248": [
                            ""
                        ],
                        "252": [
                            ""
                        ],
                        "253": [
                            ""
                        ],
                        "256": [
                            ""
                        ],
                        "257": [
                            ""
                        ],
                        "258": [
                            ""
                        ],
                        "259": [
                            ""
                        ],
                        "260": [
                            ""
                        ],
                        "267": [
                            ""
                        ],
                        "270": [
                            ""
                        ]
                    },
                    "executed_branches": [],
                    "missing_branches": []
                },
                "fit_save_preprocessor": {
                    "executed_lines": [
                        54,
                        56,
                        57,
                        58,
                        59,
[...]
                        184,
                        185,
                        186,
                        189,
                        192,
                        193,
                        196,
                        197,
                        198,
                        201,
                        202,
                        204,
                        205
                    ],
                    "excluded_lines": [],
                    "contexts": {},
                    "executed_branches": [],
                    "missing_branches": []
                },
                "ExperimentLogger.log_hyperparameters": {
                    "executed_lines": [],
                    "summary": {
                        "covered_lines": 0,
                        "num_statements": 1,
                        "percent_covered": 0.0,
                        "percent_covered_display": "0.0",
                        "missing_lines": 1,
                        "excluded_lines": 0,
                        "num_branches": 0,
                        "num_partial_branches": 0,
                        "covered_branches": 0,
                        "missing_branches": 0
                    },
                    "missing_lines": [
                        209
                    ],
                    "excluded_lines": [],
                    "contexts": {},
                    "executed_branches": [],
                    "missing_branches": []
                },
                "ExperimentLogger.log_metrics": {
                    "executed_lines": [],
                    "summary": {
                        "covered_lines": 0,
                        "num_statements": 2,
                        "percent_covered": 0.0,
                        "percent_covered_display": "0.0",
                        "missing_lines": 2,
                        "excluded_lines": 0,
                        "num_branches": 0,
                        "num_partial_branches": 0,
                        "covered_branches": 0,
                        "missing_branches": 0
                    },
                    "missing_lines": [
                        213,
                        214
                    ],
                    "excluded_lines": [],
                    "contexts": {},
                    "executed_branches": [],
                    "missing_branches": []
                },
                "ExperimentLogger.log_experiment_end": {
                    "executed_lines": [],
                    "summary": {
                        "covered_lines": 0,
                        "num_statements": 5,
                        "percent_covered": 0.0,
                        "percent_covered_display": "0.0",
                        "missing_lines": 5,
                        "excluded_lines": 0,
                        "num_branches": 2,
                        "num_partial_branches": 0,
                        "covered_branches": 0,
                        "missing_branches": 2
                    },
                    "missing_lines": [
                        218,
                        219,
                        220,
                        221,
                        222
                    ],
                    "excluded_lines": [],
                    "contexts": {},
                    "executed_branches": [],
                    "missing_branches": [
                        [
                            221,
                            -216
                        ],
                        [
                            221,
                            222
                        ]
                    ]
                },
                "log_function_call": {
                    "executed_lines": [],
                    "summary": {
                        "covered_lines": 0,
                        "num_statements": 2,
                        "percent_covered": 0.0,
                        "percent_covered_display": "0.0",
                        "missing_lines": 2,
                        "excluded_lines": 0,
                        "num_branches": 0,
                        "num_partial_branches": 0,
                        "covered_branches": 0,
                        "missing_branches": 0
                    },
                    "missing_lines": [
                        235,
                        254
                    ],
                    "excluded_lines": [],
                    "contexts": {},
                    "executed_branches": [],
                    "missing_branches": []
                },
                "log_function_call.wrapper": {
                    "executed_lines": [],
                    "summary": {
                        "covered_lines": 0,
                        "num_statements": 15,
                        "percent_covered": 0.0,
                        "percent_covered_display": "0.0",
                        "missing_lines": 15,
                        "excluded_lines": 0,
                        "num_branches": 0,
                        "num_partial_branches": 0,
                        "covered_branches": 0,
                        "missing_branches": 0
                    },
                    "missing_lines": [
                        236,
                        237,
                        239,
                        240,
                        241,
                        243,
                        244,
                        245,
                        246,
                        247,
                        248,
                        249,
                        250,
                        251,
                        252
                    ],
                    "excluded_lines": [],
                    "contexts": {},
                    "executed_branches": [],
                    "missing_branches": []
                },
                "create_log_analysis_report": {
                    "executed_lines": [],
                    "summary": {
                        "covered_lines": 0,
                        "num_statements": 19,
                        "percent_covered": 0.0,
                        "percent_covered_display": "0.0",
                        "missing_lines": 19,
                        "excluded_lines": 0,
                        "num_branches": 12,
                        "num_partial_branches": 0,
                        "covered_branches": 0,
                        "missing_branches": 12
                    },
                    "missing_lines": [
                        267,
                        268,
                        270,
                        271,
                        272,
                        273,
                        275,
                        276,
                        277,
                        280,
                        281,
                        282,
                        285,
                        286,
                        287,
                        288,
                        289,
                        291,
                        302
                    ],
                    "excluded_lines": [],
                    "contexts": {},
                    "executed_branches": [],
                    "missing_branches": [
                        [
                            267,
                            268
                        ],
                        [
                            267,
                            270
                        ],
                        [
                            276,
                            277
                        ],
                        [
                            276,
                            291
                        ],
                        [
                            280,
                            276
                        ],
                        [
                            280,
                            281
                        ],
                        [
                            281,
                            280
                        ],
                        [
                            281,
                            282
                        ],
                        [
                            285,
                            286
                        ],
                        [
                            285,
                            287
                        ],
                        [
                            287,
                            288
                        ],
                        [
                            287,
                            289
                        ]
                    ]
                },
                "": {
                    "executed_lines": [],
                    "summary": {
                        "covered_lines": 0,
                        "num_statements": 23,
                        "percent_covered": 0.0,
                        "percent_covered_display": "0.0",
                        "missing_lines": 23,
                        "excluded_lines": 11,
                        "num_branches": 0,
                        "num_partial_branches": 0,
                        "covered_branches": 0,
                        "missing_branches": 0
                    },
                    "missing_lines": [
                        8,
                        9,
                        10,
                        11,
                        12,
                        13,
                        16,
                        94,
                        107,
                        112,
                        140,
                        145,
                        151,
                        156,
                        160,
                        164,
                        171,
                        176,
                        207,
                        211,
                        216,
                        225,
                        257
                    ],
                    "excluded_lines": [
                        305,
                        307,
                        310,
                        313,
                        314,
                        317,
                        318,
                        321,
                        322,
                        323,
                        325
                    ],
                    "contexts": {},
                    "executed_branches": [],
                    "missing_branches": []
                }
            },
            "classes": {
                "ModelLogger": {
                    "executed_lines": [],
                    "summary": {
                        "covered_lines": 0,
                        "num_statements": 23,
                        "percent_covered": 0.0,
                        "percent_covered_display": "0.0",
                        "missing_lines": 23,
                        "excluded_lines": 0,
                        "num_branches": 4,
                        "num_partial_branches": 0,
                        "covered_branches": 0,
                        "missing_branches": 4
                    },
                    "missing_lines": [
                        120,
                        121,
                        122,
                        125,
                        128,
                        131,
                        132,
                        133,
                        134,
                        137,
                        138,
                        142,
                        143,
                        147,
                        148,
                        149,
                        153,
                        154,
                        158,
                        162,
                        166,
                        167,
                        168
                    ],
                    "excluded_lines": [],
                    "contexts": {},
                    "executed_branches": [],
                    "missing_branches": [
                        [
                            131,
                            -112
                        ],
                        [
                            131,
                            132
                        ],
                        [
                            167,
                            -164
                        ],
                        [
                            167,
                            168
                        ]
                    ]
                },
                "ExperimentLogger": {
                    "executed_lines": [],
                    "summary": {
                        "covered_lines": 0,
                        "num_statements": 21,
                        "percent_covered": 0.0,
                        "percent_covered_display": "0.0",
                        "missing_lines": 21,
                        "excluded_lines": 0,
                        "num_branches": 2,
                        "num_partial_branches": 0,
                        "covered_branches": 0,
                        "missing_branches": 2
                    },
                    "missing_lines": [
                        184,
                        185,
                        186,
                        189,
                        192,
                        193,
                        196,
                        197,
                        198,
                        201,
                        202,
                        204,
                        205,
                        209,
                        213,
                        214,
                        218,
                        219,
                        220,
                        221,
                        222
                    ],
                    "excluded_lines": [],
                    "contexts": {},
                    "executed_branches": [],
                    "missing_branches": [
                        [
                            221,
                            -216
                        ],
                        [
                            221,
                            222
                        ]
                    ]
                },
                "": {
                    "executed_lines": [],
                    "summary": {
                        "covered_lines": 0,
                        "num_statements": 75,
                        "percent_covered": 0.0,
                        "percent_covered_display": "0.0",
                        "missing_lines": 75,
                        "excluded_lines": 11,
                        "num_branches": 16,
                        "num_partial_branches": 0,
                        "covered_branches": 0,
                        "missing_branches": 16
                    },
                    "missing_lines": [
                        8,
                        9,
                        10,
                        11,
                        12,
                        13,
                        16,
                        33,
                        34,
                        37,
                        38,
                        39,
                        41,
                        44,
                        45,
                        46,
                        47,
                        50,
                        86,
                        89,
                        90,
                        91,
                        94,
                        104,
                        107,
                        112,
                        140,
                        145,
                        151,
                        156,
                        160,
                        164,
                        171,
                        176,
                        207,
                        211,
                        216,
                        225,
                        235,
                        236,
                        237,
                        239,
                        240,
                        241,
                        243,
                        244,
                        245,
                        246,
                        247,
                        248,
                        249,
                        250,
                        251,
                        252,
                        254,
                        257,
                        267,
                        268,
                        270,
                        271,
                        272,
                        273,
                        275,
                        276,
                        277,
                        280,
                        281,
                        282,
                        285,
                        286,
                        287,
                        288,
                        289,
                        291,
                        302
                    ],
                    "excluded_lines": [
                        305,
                        307,
                        310,
                        313,
                        314,
                        317,
                        318,
                        321,
                        322,
                        323,
                        325
                    ],
                    "contexts": {},
                    "executed_branches": [],
                    "missing_branches": [
                        [
                            37,
                            38
                        ],
                        [
                            37,
                            41
                        ],
                        [
                            44,
                            45
                        ],
                        [
                            44,
                            50
                        ],
                        [
                            267,
                            268
                        ],
                        [
                            267,
                            270
                        ],
                        [
                            276,
                            277
                        ],
                        [
                            276,
                            291
                        ],
                        [
                            280,
                            276
                        ],
                        [
                            280,
                            281
                        ],
                        [
                            281,
                            280
                        ],
                        [
                            281,
                            282
                        ],
                        [
                            285,
                            286
                        ],
                        [
                            285,
                            287
                        ],
                        [
                            287,
                            288
                        ],
                        [
                            287,
                            289
                        ]
                    ]
                }
            }
        }
    },
    "totals": {
        "covered_lines": 367,
        "num_statements": 1074,
        "percent_covered": 32.016129032258064,
        "percent_covered_display": "32.0",
        "missing_lines": 707,
        "excluded_lines": 28,
        "num_branches": 166,
        "num_partial_branches": 14,
        "covered_branches": 30,
        "missing_branches": 136
    }
}